C:\USERS\MYBOOK\DESKTOP\1.0\MAIN\WORKS\DEBUG\HTTPSNIFFER.EXE
C:\USERS\MYBOOK\DESKTOP\1.0\MAIN\WORKS\DEBUG\HTTPSNIFFER.ILK
C:\USERS\MYBOOK\DESKTOP\1.0\MAIN\WORKS\DEBUG\HTTPSNIFFER.PDB
C:\Users\myBook\Desktop\1.0\main\works\httpSniffer\Debug\cl.command.1.tlog
C:\Users\myBook\Desktop\1.0\main\works\httpSniffer\Debug\CL.read.1.tlog
C:\Users\myBook\Desktop\1.0\main\works\httpSniffer\Debug\CL.write.1.tlog
C:\USERS\MYBOOK\DESKTOP\1.0\MAIN\WORKS\HTTPSNIFFER\DEBUG\HSLINKEDLIST.OBJ
C:\USERS\MYBOOK\DESKTOP\1.0\MAIN\WORKS\HTTPSNIFFER\DEBUG\HSLINKEDLISTCONT.OBJ
C:\USERS\MYBOOK\DESKTOP\1.0\MAIN\WORKS\HTTPSNIFFER\DEBUG\HSSTRLIST.OBJ
C:\USERS\MYBOOK\DESKTOP\1.0\MAIN\WORKS\HTTPSNIFFER\DEBUG\HSTCPPACKET.OBJ
C:\USERS\MYBOOK\DESKTOP\1.0\MAIN\WORKS\HTTPSNIFFER\DEBUG\HSWEBTOOL.OBJ
C:\USERS\MYBOOK\DESKTOP\1.0\MAIN\WORKS\HTTPSNIFFER\DEBUG\HTTPSNIFFER.EXE.EMBED.MANIFEST
C:\USERS\MYBOOK\DESKTOP\1.0\MAIN\WORKS\HTTPSNIFFER\DEBUG\HTTPSNIFFER.EXE.EMBED.MANIFEST.RES
C:\USERS\MYBOOK\DESKTOP\1.0\MAIN\WORKS\HTTPSNIFFER\DEBUG\HTTPSNIFFER.EXE.INTERMEDIATE.MANIFEST
C:\USERS\MYBOOK\DESKTOP\1.0\MAIN\WORKS\HTTPSNIFFER\DEBUG\HTTPSNIFFER.OBJ
C:\USERS\MYBOOK\DESKTOP\1.0\MAIN\WORKS\HTTPSNIFFER\DEBUG\HTTPSNIFFER.PCH
C:\USERS\MYBOOK\DESKTOP\1.0\MAIN\WORKS\HTTPSNIFFER\DEBUG\HTTPSNIFFER.RES
C:\Users\myBook\Desktop\1.0\main\works\httpSniffer\Debug\httpSniffer_manifest.rc
C:\Users\myBook\Desktop\1.0\main\works\httpSniffer\Debug\link.command.1.tlog
C:\Users\myBook\Desktop\1.0\main\works\httpSniffer\Debug\link.read.1.tlog
C:\Users\myBook\Desktop\1.0\main\works\httpSniffer\Debug\link.write.1.tlog
C:\Users\myBook\Desktop\1.0\main\works\httpSniffer\Debug\link-cvtres.read.1.tlog
C:\Users\myBook\Desktop\1.0\main\works\httpSniffer\Debug\link-cvtres.write.1.tlog
C:\Users\myBook\Desktop\1.0\main\works\httpSniffer\Debug\mt.command.1.tlog
C:\Users\myBook\Desktop\1.0\main\works\httpSniffer\Debug\mt.read.1.tlog
C:\Users\myBook\Desktop\1.0\main\works\httpSniffer\Debug\mt.write.1.tlog
C:\Users\myBook\Desktop\1.0\main\works\httpSniffer\Debug\rc.command.1.tlog
C:\Users\myBook\Desktop\1.0\main\works\httpSniffer\Debug\rc.read.1.tlog
C:\Users\myBook\Desktop\1.0\main\works\httpSniffer\Debug\rc.write.1.tlog
C:\USERS\MYBOOK\DESKTOP\1.0\MAIN\WORKS\HTTPSNIFFER\DEBUG\STDAFX.OBJ
C:\Users\myBook\Desktop\1.0\main\works\httpSniffer\Debug\vc100.idb
C:\USERS\MYBOOK\DESKTOP\1.0\MAIN\WORKS\HTTPSNIFFER\DEBUG\VC100.PDB
