Построение начато 27.12.2012 9:56:35.
     1>Проект "C:\Users\myBook\Desktop\1.0\main\works\httpSniffer\httpSniffer.vcxproj" в узле 2 (целевые объекты rebuild).
     1>_PrepareForClean:
         Файл "Debug\httpSniffer.lastbuildstate" удаляется.
       InitializeBuildStatus:
         Создание "Debug\httpSniffer.unsuccessfulbuild", так как было задано "AlwaysCreate".
       ClCompile:
         C:\Program Files (x86)\Microsoft Visual Studio 10.0\VC\bin\CL.exe /c /IC:\boost_1_50_0 /IC:\Users\myBook\Desktop\1.0\main\works\httpSniffer\Include /ZI /nologo /W3 /WX- /Od /Oy- /D WIN32 /D _DEBUG /D _CONSOLE /D _UNICODE /D UNICODE /Gm /EHsc /RTC1 /MDd /GS /fp:precise /Zc:wchar_t /Zc:forScope /Yc"StdAfx.h" /Fp"Debug\httpSniffer.pch" /Fo"Debug\\" /Fd"Debug\vc100.pdb" /Gd /TP /analyze- /errorReport:prompt stdafx.cpp
         stdafx.cpp
         C:\Program Files (x86)\Microsoft Visual Studio 10.0\VC\bin\CL.exe /c /IC:\boost_1_50_0 /IC:\Users\myBook\Desktop\1.0\main\works\httpSniffer\Include /ZI /nologo /W3 /WX- /Od /Oy- /D WIN32 /D _DEBUG /D _CONSOLE /D _UNICODE /D UNICODE /Gm /EHsc /RTC1 /MDd /GS /fp:precise /Zc:wchar_t /Zc:forScope /Fo"Debug\\" /Fd"Debug\vc100.pdb" /Gd /TP /analyze- /errorReport:prompt httpSniffer.cpp HSLinkedList.cpp HSLinkedListCont.cpp HSStrList.cpp HSTcpPacket.cpp HSWebTool.cpp
         HSWebTool.cpp
     1>c:\boost_1_50_0\boost\asio\detail\pop_options.hpp(95): warning C4193: #pragma warning(pop): нет парной "#pragma warning(push)"
     1>c:\boost_1_50_0\boost\asio\detail\pop_options.hpp(96): warning C4161: #pragma pack(pop...): число извлечений из стека превышает число занесений
     1>c:\users\mybook\desktop\1.0\main\works\httpsniffer\hswebtool.cpp(64): warning C4101: error: неиспользованная локальная переменная
     1>c:\users\mybook\desktop\1.0\main\works\httpsniffer\hswebtool.cpp(67): warning C4101: error: неиспользованная локальная переменная
     1>c:\users\mybook\desktop\1.0\main\works\httpsniffer\hswebtool.cpp(83): warning C4101: error: неиспользованная локальная переменная
     1>c:\users\mybook\desktop\1.0\main\works\httpsniffer\hswebtool.cpp(103): warning C4102: std: неиспользованная метка
     1>c:\users\mybook\desktop\1.0\main\works\httpsniffer\hswebtool.cpp(319): warning C4996: 'fscanf': This function or variable may be unsafe. Consider using fscanf_s instead. To disable deprecation, use _CRT_SECURE_NO_WARNINGS. See online help for details.
                 c:\program files (x86)\microsoft visual studio 10.0\vc\include\stdio.h(253): см. объявление "fscanf"
     1>c:\users\mybook\desktop\1.0\main\works\httpsniffer\hswebtool.cpp(367): warning C4996: 'std::basic_string<_Elem,_Traits,_Ax>::copy': Function call with parameters that may be unsafe - this call relies on the caller to check that the passed values are correct. To disable this warning, use -D_SCL_SECURE_NO_WARNINGS. See documentation on how to use Visual C++ 'Checked Iterators'
                 with
                 [
                     _Elem=char,
                     _Traits=std::char_traits<char>,
                     _Ax=std::allocator<char>
                 ]
                 c:\program files (x86)\microsoft visual studio 10.0\vc\include\xstring(1556): см. объявление "std::basic_string<_Elem,_Traits,_Ax>::copy"
                 with
                 [
                     _Elem=char,
                     _Traits=std::char_traits<char>,
                     _Ax=std::allocator<char>
                 ]
     1>c:\users\mybook\desktop\1.0\main\works\httpsniffer\hswebtool.cpp(389): warning C4996: 'fopen': This function or variable may be unsafe. Consider using fopen_s instead. To disable deprecation, use _CRT_SECURE_NO_WARNINGS. See online help for details.
                 c:\program files (x86)\microsoft visual studio 10.0\vc\include\stdio.h(234): см. объявление "fopen"
     1>c:\users\mybook\desktop\1.0\main\works\httpsniffer\hswebtool.cpp(478): warning C4996: 'std::basic_string<_Elem,_Traits,_Ax>::copy': Function call with parameters that may be unsafe - this call relies on the caller to check that the passed values are correct. To disable this warning, use -D_SCL_SECURE_NO_WARNINGS. See documentation on how to use Visual C++ 'Checked Iterators'
                 with
                 [
                     _Elem=char,
                     _Traits=std::char_traits<char>,
                     _Ax=std::allocator<char>
                 ]
                 c:\program files (x86)\microsoft visual studio 10.0\vc\include\xstring(1556): см. объявление "std::basic_string<_Elem,_Traits,_Ax>::copy"
                 with
                 [
                     _Elem=char,
                     _Traits=std::char_traits<char>,
                     _Ax=std::allocator<char>
                 ]
     1>c:\users\mybook\desktop\1.0\main\works\httpsniffer\hswebtool.cpp(510): warning C4996: '_ftime64': This function or variable may be unsafe. Consider using _ftime64_s instead. To disable deprecation, use _CRT_SECURE_NO_WARNINGS. See online help for details.
                 c:\program files (x86)\microsoft visual studio 10.0\vc\include\sys\timeb.h(124): см. объявление "_ftime64"
     1>c:\users\mybook\desktop\1.0\main\works\httpsniffer\hswebtool.cpp(511): warning C4996: 'localtime': This function or variable may be unsafe. Consider using localtime_s instead. To disable deprecation, use _CRT_SECURE_NO_WARNINGS. See online help for details.
                 c:\program files (x86)\microsoft visual studio 10.0\vc\include\time.inl(112): см. объявление "localtime"
     1>c:\users\mybook\desktop\1.0\main\works\httpsniffer\hswebtool.cpp(517): warning C4996: '_itoa': This function or variable may be unsafe. Consider using _itoa_s instead. To disable deprecation, use _CRT_SECURE_NO_WARNINGS. See online help for details.
                 c:\program files (x86)\microsoft visual studio 10.0\vc\include\stdlib.h(451): см. объявление "_itoa"
         HSTcpPacket.cpp
         HSStrList.cpp
     1>c:\boost_1_50_0\boost\algorithm\string\detail\finder.hpp(583): warning C4244: аргумент: преобразование "wchar_t" в "char", возможна потеря данных
                 c:\boost_1_50_0\boost\algorithm\string\concept.hpp(43): см. ссылку на создание экземпляров функции шаблон при компиляции "boost::iterator_range<IteratorT> boost::algorithm::detail::token_finderF<PredicateT>::operator ()<IteratorT>(ForwardIteratorT,ForwardIteratorT) const"
                 with
                 [
                     IteratorT=std::_String_iterator<wchar_t,std::char_traits<wchar_t>,std::allocator<wchar_t>>,
                     PredicateT=bool (__cdecl *)(char),
                     ForwardIteratorT=std::_String_iterator<wchar_t,std::char_traits<wchar_t>,std::allocator<wchar_t>>
                 ]
                 c:\boost_1_50_0\boost\algorithm\string\concept.hpp(41): при компиляции функции-члена "void boost::algorithm::FinderConcept<FinderT,IteratorT>::constraints(void)" класса шаблон
                 with
                 [
                     FinderT=boost::algorithm::detail::token_finderF<bool (__cdecl *)(char)>,
                     IteratorT=std::_String_iterator<wchar_t,std::char_traits<wchar_t>,std::allocator<wchar_t>>
                 ]
                 c:\boost_1_50_0\boost\concept\detail\has_constraints.hpp(42): см. ссылку на создание экземпляров класса шаблон при компиляции "boost::algorithm::FinderConcept<FinderT,IteratorT>"
                 with
                 [
                     FinderT=boost::algorithm::detail::token_finderF<bool (__cdecl *)(char)>,
                     IteratorT=std::_String_iterator<wchar_t,std::char_traits<wchar_t>,std::allocator<wchar_t>>
                 ]
                 c:\boost_1_50_0\boost\concept\detail\msvc.hpp(53): см. ссылку на создание экземпляров класса шаблон при компиляции "boost::concepts::not_satisfied<Model>"
                 with
                 [
                     Model=boost::algorithm::FinderConcept<boost::algorithm::detail::token_finderF<bool (__cdecl *)(char)>,std::_String_iterator<wchar_t,std::char_traits<wchar_t>,std::allocator<wchar_t>>>
                 ]
                 c:\boost_1_50_0\boost\algorithm\string\iter_find.hpp(148): см. ссылку на создание экземпляров класса шаблон при компиляции "boost::concepts::require<Model>"
                 with
                 [
                     Model=boost::algorithm::FinderConcept<boost::algorithm::detail::token_finderF<bool (__cdecl *)(char)>,std::_String_iterator<wchar_t,std::char_traits<wchar_t>,std::allocator<wchar_t>>>
                 ]
                 c:\boost_1_50_0\boost\algorithm\string\split.hpp(149): см. ссылку на создание экземпляров функции шаблон при компиляции "SequenceSequenceT &boost::algorithm::iter_split<SequenceSequenceT,RangeT,boost::algorithm::detail::token_finderF<PredicateT>>(SequenceSequenceT &,RangeT &,FinderT)"
                 with
                 [
                     SequenceSequenceT=std::list<std::wstring>,
                     RangeT=std::wstring,
                     PredicateT=bool (__cdecl *)(char),
                     FinderT=boost::algorithm::detail::token_finderF<bool (__cdecl *)(char)>
                 ]
                 c:\users\mybook\desktop\1.0\main\works\httpsniffer\hsstrlist.cpp(44): см. ссылку на создание экземпляров функции шаблон при компиляции "SequenceSequenceT &boost::algorithm::split<std::list<_Ty>,std::wstring,bool(__cdecl *)(char)>(SequenceSequenceT &,RangeT &,PredicateT,boost::algorithm::token_compress_mode_type)"
                 with
                 [
                     SequenceSequenceT=std::list<std::wstring>,
                     _Ty=std::wstring,
                     RangeT=std::wstring,
                     PredicateT=bool (__cdecl *)(char)
                 ]
         HSLinkedListCont.cpp
         HSLinkedList.cpp
         httpSniffer.cpp
     1>c:\users\mybook\desktop\1.0\main\works\httpsniffer\httpsniffer.cpp(195): warning C4996: 'getch': The POSIX name for this item is deprecated. Instead, use the ISO C++ conformant name: _getch. See online help for details.
                 c:\program files (x86)\microsoft visual studio 10.0\vc\include\conio.h(128): см. объявление "getch"
         Создание кода...
       ResourceCompile:
         C:\Program Files (x86)\Microsoft SDKs\Windows\v7.0A\bin\rc.exe /D _UNICODE /D UNICODE /l"0x0409" /nologo /fo"Debug\httpSniffer.res" httpSniffer.rc 
       ManifestResourceCompile:
         C:\Program Files (x86)\Microsoft SDKs\Windows\v7.0A\bin\rc.exe /nologo /fo"Debug\httpSniffer.exe.embed.manifest.res" Debug\httpSniffer_manifest.rc 
       Link:
         C:\Program Files (x86)\Microsoft Visual Studio 10.0\VC\bin\link.exe /ERRORREPORT:PROMPT /OUT:"C:\Users\myBook\Desktop\1.0\main\works\Debug\httpSniffer.exe" /INCREMENTAL /NOLOGO /LIBPATH:"C:\boost_1_50_0\bin.v2\libs\system\build\msvc-10.0\debug\link-static\threading-multi" /LIBPATH:C:\Users\myBook\Desktop\1.0\main\works\httpSniffer\Lib /LIBPATH:C:\boost_1_50_0\bin.v2\libs\regex /LIBPATH:C:\boost_1_50_0 /LIBPATH:"C:\Users\myBook\Desktop\1.0\main\works\Release\link-static" /LIBPATH:"C:\Users\myBook\Desktop\1.0\main\works\Debug\link-static\threading-multi" wpcap.lib wsock32.lib kernel32.lib user32.lib gdi32.lib winspool.lib comdlg32.lib advapi32.lib shell32.lib ole32.lib oleaut32.lib uuid.lib odbc32.lib odbccp32.lib kernel32.lib user32.lib gdi32.lib winspool.lib comdlg32.lib advapi32.lib shell32.lib ole32.lib oleaut32.lib uuid.lib odbc32.lib odbccp32.lib /MANIFEST /ManifestFile:"Debug\httpSniffer.exe.intermediate.manifest" /MANIFESTUAC:"level='asInvoker' uiAccess='false'" /DEBUG /PDB:"C:\Users\myBook\Desktop\1.0\main\works\Debug\httpSniffer.pdb" /SUBSYSTEM:CONSOLE /TLBID:1 /DYNAMICBASE /NXCOMPAT /IMPLIB:"C:\Users\myBook\Desktop\1.0\main\works\Debug\httpSniffer.lib" /MACHINE:X86 Debug\httpSniffer.res
         Debug\httpSniffer.exe.embed.manifest.res
         Debug\httpSniffer.obj
         Debug\HSLinkedList.obj
         Debug\HSLinkedListCont.obj
         Debug\stdafx.obj
         Debug\HSStrList.obj
         Debug\HSTcpPacket.obj
         Debug\HSWebTool.obj
         Lib\Packet.lib
         Lib\wpcap.lib
       Manifest:
         Файл "Debug\httpSniffer.exe.embed.manifest" удаляется.
         C:\Program Files (x86)\Microsoft SDKs\Windows\v7.0A\bin\mt.exe /nologo /verbose /out:"Debug\httpSniffer.exe.embed.manifest" /manifest Debug\httpSniffer.exe.intermediate.manifest
         C:\Program Files (x86)\Microsoft SDKs\Windows\v7.0A\bin\rc.exe /nologo /fo"Debug\httpSniffer.exe.embed.manifest.res" Debug\httpSniffer_manifest.rc 
       LinkEmbedManifest:
         C:\Program Files (x86)\Microsoft Visual Studio 10.0\VC\bin\link.exe /ERRORREPORT:PROMPT /OUT:"C:\Users\myBook\Desktop\1.0\main\works\Debug\httpSniffer.exe" /INCREMENTAL /NOLOGO /LIBPATH:"C:\boost_1_50_0\bin.v2\libs\system\build\msvc-10.0\debug\link-static\threading-multi" /LIBPATH:C:\Users\myBook\Desktop\1.0\main\works\httpSniffer\Lib /LIBPATH:C:\boost_1_50_0\bin.v2\libs\regex /LIBPATH:C:\boost_1_50_0 /LIBPATH:"C:\Users\myBook\Desktop\1.0\main\works\Release\link-static" /LIBPATH:"C:\Users\myBook\Desktop\1.0\main\works\Debug\link-static\threading-multi" wpcap.lib wsock32.lib kernel32.lib user32.lib gdi32.lib winspool.lib comdlg32.lib advapi32.lib shell32.lib ole32.lib oleaut32.lib uuid.lib odbc32.lib odbccp32.lib kernel32.lib user32.lib gdi32.lib winspool.lib comdlg32.lib advapi32.lib shell32.lib ole32.lib oleaut32.lib uuid.lib odbc32.lib odbccp32.lib /MANIFEST /ManifestFile:"Debug\httpSniffer.exe.intermediate.manifest" /MANIFESTUAC:"level='asInvoker' uiAccess='false'" /DEBUG /PDB:"C:\Users\myBook\Desktop\1.0\main\works\Debug\httpSniffer.pdb" /SUBSYSTEM:CONSOLE /TLBID:1 /DYNAMICBASE /NXCOMPAT /IMPLIB:"C:\Users\myBook\Desktop\1.0\main\works\Debug\httpSniffer.lib" /MACHINE:X86 Debug\httpSniffer.res
         Debug\httpSniffer.exe.embed.manifest.res
         Debug\httpSniffer.obj
         Debug\HSLinkedList.obj
         Debug\HSLinkedListCont.obj
         Debug\stdafx.obj
         Debug\HSStrList.obj
         Debug\HSTcpPacket.obj
         Debug\HSWebTool.obj
         Lib\Packet.lib
         Lib\wpcap.lib
         httpSniffer.vcxproj -> C:\Users\myBook\Desktop\1.0\main\works\Debug\httpSniffer.exe
       FinalizeBuildStatus:
         Файл "Debug\httpSniffer.unsuccessfulbuild" удаляется.
         Обращение к "Debug\httpSniffer.lastbuildstate".
     1>Построение проекта "C:\Users\myBook\Desktop\1.0\main\works\httpSniffer\httpSniffer.vcxproj" завершено (целевые объекты rebuild).

Построение успешно завершено.

Затраченное время: 00:00:38.22
